{"Timestamp":"2026-01-19T04:21:40.226427+00:00","TraceId":"e782d7ff78df4775861236141c2aab1f","Action":"HEALTH_CHECK","Detail":"Health endpoint accessed"}
{"Timestamp":"2026-01-19T04:21:41.814059+00:00","TraceId":"d41d8081d981401cb4b07dade43af2b2","Action":"HEALTH_CHECK","Detail":"Health endpoint accessed"}
{"Timestamp":"2026-01-19T04:23:19.664645+00:00","TraceId":"dc392b7514d34c78bb6da967e51bc977","Action":"HEALTH_CHECK","Detail":"Health endpoint accessed"}
{"Timestamp":"2026-01-19T04:23:21.08829+00:00","TraceId":"b51d13dd706b4990b5dcb62349b3c540","Action":"HEALTH_CHECK","Detail":"Health endpoint accessed"}
{"Timestamp":"2026-01-19T04:23:22.249644+00:00","TraceId":"05b1de6e20fa49559c8b4fefeee60cad","Action":"HEALTH_CHECK","Detail":"Health endpoint accessed"}
{"Timestamp":"2026-01-19T04:23:45.274191+00:00","TraceId":"5b7aee91dcf045848b6274bf33bc9e08","Action":"HEALTH_CHECK","Detail":"Health endpoint accessed"}
{"Timestamp":"2026-01-19T04:23:46.283445+00:00","TraceId":"942a6fd5362b4263a6315b30d426f2fd","Action":"HEALTH_CHECK","Detail":"Health endpoint accessed"}
{"Timestamp":"2026-01-19T04:23:47.314289+00:00","TraceId":"9a9624ccecae4aacabd7fceeb1111906","Action":"HEALTH_CHECK","Detail":"Health endpoint accessed"}
{"Timestamp":"2026-01-19T04:23:48.245095+00:00","TraceId":"001e7882f64f402a8102da5645985c24","Action":"HEALTH_CHECK","Detail":"Health endpoint accessed"}
{"Timestamp":"2026-01-19T04:23:54.725759+00:00","TraceId":"f12d271699c545f0a6acfb06d8077b3f","Action":"HEALTH_CHECK","Detail":"Health endpoint accessed"}
{"Timestamp":"2026-01-19T04:24:59.644879+00:00","TraceId":"fd394137e79d493abd071262e3897a18","Action":"HEALTH_CHECK","Detail":"Health endpoint accessed"}
{"Timestamp":"2026-01-19T04:29:56.423738+00:00","TraceId":"5adb5d6484534f9185658f38a97de657","Action":"HEALTH_CHECK","Detail":"Health endpoint accessed"}
{"Timestamp":"2026-01-19T04:32:00.235632+00:00","TraceId":"ba50675a5ee04bf081822b9150a74c8c","Action":"HEALTH_CHECK","Detail":"Health endpoint accessed"}
{"Timestamp":"2026-01-19T04:32:04.578262+00:00","TraceId":"adc13326db074355917203b6c73d1cb5","Action":"HEALTH_CHECK","Detail":"Health endpoint accessed"}
{"Timestamp":"2026-01-19T04:32:05.655149+00:00","TraceId":"9ce959d750204939b648a70365d4d0e8","Action":"HEALTH_CHECK","Detail":"Health endpoint accessed"}
{"Timestamp":"2026-01-19T04:32:34.396942+00:00","TraceId":"3a8667f758564e0394c1731bae1c4f32","Action":"HEALTH_CHECK","Detail":"Health endpoint accessed"}
{"Timestamp":"2026-01-19T04:32:35.225217+00:00","TraceId":"bfb6d4102c354d1bb0c8b856ed9a5770","Action":"HEALTH_CHECK","Detail":"Health endpoint accessed"}
{"Timestamp":"2026-01-19T04:32:35.91532+00:00","TraceId":"d43aca480ebd428a9a285890d0901f3a","Action":"HEALTH_CHECK","Detail":"Health endpoint accessed"}
{"Timestamp":"2026-01-19T04:41:16.628254+00:00","TraceId":"ffe1da3f5d6d4e60b7a05486f98b6611","Action":"HEALTH_CHECK","Detail":"Health endpoint accessed"}
{"Timestamp":"2026-01-19T04:41:17.746321+00:00","TraceId":"50011123b1784857b441931babf6ee58","Action":"HEALTH_CHECK","Detail":"Health endpoint accessed"}
{"Timestamp":"2026-01-19T04:41:18.958459+00:00","TraceId":"e7bdd732fae6439687b03e3281d213a5","Action":"HEALTH_CHECK","Detail":"Health endpoint accessed"}
{"Timestamp":"2026-01-19T04:41:19.822151+00:00","TraceId":"3f43cdeb179849ab9a7a216969c8dcb0","Action":"HEALTH_CHECK","Detail":"Health endpoint accessed"}
{"Timestamp":"2026-01-19T04:47:50.753417+00:00","TraceId":"00ced3df055e43d1a2cf213651270c56","Action":"HEALTH_CHECK","Detail":"Health endpoint accessed"}
{"Timestamp":"2026-01-19T04:47:55.944351+00:00","TraceId":"fad3e0c6e1424db5bb72ecd2a3aae289","Action":"HEALTH_CHECK","Detail":"Health endpoint accessed"}
{"Timestamp":"2026-01-19T04:48:12.034886+00:00","TraceId":"b9ae77def6df43c3be3830d58e33309b","Action":"HEALTH_CHECK","Detail":"Health endpoint accessed"}
{"Timestamp":"2026-01-19T04:51:38.007388+00:00","TraceId":"1a79af5406df474894d945ee06b9c45e","Action":"HEALTH_CHECK","Detail":"Health endpoint accessed"}
{"Timestamp":"2026-02-05T07:55:58.004675+00:00","TraceId":"0HNJ4HFVKNPTM:00000001","Action":"HEALTH_CHECK","Detail":"Health endpoint accessed"}
{"Timestamp":"2026-02-06T03:30:13.726825+00:00","TraceId":"0HNJ4HFVKNPU0:00000008","Action":"HEALTH_CHECK","Detail":"Health endpoint accessed"}
{"Timestamp":"2026-02-06T05:01:55.935082+00:00","TraceId":"0HNJ57JCS19H4:00000001","Action":"HEALTH_CHECK","Detail":"Health endpoint accessed"}
{"Timestamp":"2026-02-06T05:02:10.210731+00:00","TraceId":"0HNJ57JCS19H4:00000002","Action":"HEALTH_CHECK","Detail":"Health endpoint accessed"}
{"Timestamp":"2026-02-06T05:02:56.898812+00:00","TraceId":"0HNJ57JCS19H4:00000003","Action":"HEALTH_CHECK","Detail":"Health endpoint accessed"}
{"Timestamp":"2026-02-06T05:03:26.529381+00:00","TraceId":"0HNJ57JCS19H4:00000004","Action":"HEALTH_CHECK","Detail":"Health endpoint accessed"}
{"Timestamp":"2026-02-06T05:03:56.132371+00:00","TraceId":"0HNJ57JCS19H4:00000005","Action":"HEALTH_CHECK","Detail":"Health endpoint accessed"}
{"Timestamp":"2026-02-06T05:04:15.323405+00:00","TraceId":"0HNJ57JCS19H4:00000006","Action":"HEALTH_CHECK","Detail":"Health endpoint accessed"}
{"Timestamp":"2026-02-06T05:04:51.879387+00:00","TraceId":"0HNJ57JCS19H4:00000007","Action":"HEALTH_CHECK","Detail":"Health endpoint accessed"}
{"Timestamp":"2026-02-06T05:05:09.615114+00:00","TraceId":"0HNJ57JCS19H4:00000008","Action":"HEALTH_CHECK","Detail":"Health endpoint accessed"}
{"Timestamp":"2026-02-06T05:53:38.688025+00:00","TraceId":"0HNJ58G9I71H8:00000001","Action":"HEALTH_CHECK","Detail":"Health endpoint accessed"}
{"Timestamp":"2026-02-06T05:54:36.231577+00:00","TraceId":"0HNJ58G9I71H8:00000002","Action":"HEALTH_CHECK","Detail":"Health endpoint accessed"}
{"Timestamp":"2026-02-09T04:50:52.103871+00:00","TraceId":"0HNJ7INJPKN28:00000001","Action":"HEALTH_CHECK","Detail":"Health endpoint accessed"}
{"Timestamp":"2026-02-09T05:07:56.721953+00:00","TraceId":"0HNJ7J4O0IL75:00000001","Action":"HEALTH_CHECK","Detail":"Health endpoint accessed"}
{"Timestamp":"2026-02-09T05:09:17.936568+00:00","TraceId":"0HNJ7J5G785VL:00000001","Action":"HEALTH_CHECK","Detail":"Health endpoint accessed"}
{"Timestamp":"2026-02-09T05:09:30.205718+00:00","TraceId":"0HNJ7J5JS89CL:00000001","Action":"HEALTH_CHECK","Detail":"Health endpoint accessed"}
{"Timestamp":"2026-02-09T05:10:21.492337+00:00","TraceId":"0HNJ7J635BJAR:00000001","Action":"HEALTH_CHECK","Detail":"Health endpoint accessed"}
{"Timestamp":"2026-02-09T05:10:38.910809+00:00","TraceId":"0HNJ7J68BDTJ7:00000001","Action":"HEALTH_CHECK","Detail":"Health endpoint accessed"}
{"Timestamp":"2026-02-09T05:16:07.090881+00:00","TraceId":"0HNJ7J9A5782N:00000001","Action":"HEALTH_CHECK","Detail":"Health endpoint accessed"}
{"Timestamp":"2026-02-09T05:19:54.471902+00:00","TraceId":"0HNJ7JBDTJE76:00000001","Action":"HEALTH_CHECK","Detail":"Health endpoint accessed"}
{"Timestamp":"2026-02-09T05:26:58.956893+00:00","TraceId":"0HNJ7JBDTJE79:00000001","Action":"HEALTH_CHECK","Detail":"Health endpoint accessed"}
{"Timestamp":"2026-02-09T05:35:24.522176+00:00","TraceId":"0HNJ7JBDTJE7D:00000001","Action":"HEALTH_CHECK","Detail":"Health endpoint accessed"}
{"Timestamp":"2026-02-09T05:38:54.435861+00:00","TraceId":"0HNJ7JM1L4B2G:00000001","Action":"HEALTH_CHECK","Detail":"Health endpoint accessed"}
{"Timestamp":"2026-02-09T05:39:04.631202+00:00","TraceId":"0HNJ7JM1L4B2G:00000002","Action":"HEALTH_CHECK","Detail":"Health endpoint accessed"}
{"Timestamp":"2026-02-09T08:23:44.710405+00:00","TraceId":"0HNJ7MI564PBQ:00000001","Action":"HEALTH_CHECK","Detail":"Health endpoint accessed"}
{"Timestamp":"2026-02-09T08:23:50.485439+00:00","TraceId":"0HNJ7MI564PBQ:00000002","Action":"HEALTH_CHECK","Detail":"Health endpoint accessed"}
{"Timestamp":"2026-02-09T08:30:04.404703+00:00","TraceId":"0HNJ7MLMBAAPN:00000001","Action":"HEALTH_CHECK","Detail":"Health endpoint accessed"}
{"Timestamp":"2026-02-09T08:31:48.41184+00:00","TraceId":"0HNJ7MMLB1O8M:00000001","Action":"HEALTH_CHECK","Detail":"Health endpoint accessed"}
{"Timestamp":"2026-02-09T08:33:20.141072+00:00","TraceId":"0HNJ7MMLB1O8M:00000008","Action":"HEALTH_CHECK","Detail":"Health endpoint accessed"}
{"Timestamp":"2026-02-09T08:33:22.069134+00:00","TraceId":"0HNJ7MMLB1O8M:00000009","Action":"HEALTH_CHECK","Detail":"Health endpoint accessed"}
{"Timestamp":"2026-02-09T09:14:03.307959+00:00","TraceId":"0HNJ7MMLB1O9O:00000001","Action":"HEALTH_CHECK","Detail":"Health endpoint accessed"}
{"Timestamp":"2026-02-09T09:14:07.454818+00:00","TraceId":"0HNJ7MMLB1O9O:00000002","Action":"HEALTH_CHECK","Detail":"Health endpoint accessed"}
{"Timestamp":"2026-02-09T09:15:57.82984+00:00","TraceId":"0HNJ7MMLB1O9Q:00000001","Action":"HEALTH_CHECK","Detail":"Health endpoint accessed"}
{"Timestamp":"2026-02-09T09:16:10.459332+00:00","TraceId":"0HNJ7MMLB1O9S:00000001","Action":"HEALTH_CHECK","Detail":"Health endpoint accessed"}
{"Timestamp":"2026-02-09T09:16:31.951149+00:00","TraceId":"0HNJ7MMLB1O9U:00000001","Action":"HEALTH_CHECK","Detail":"Health endpoint accessed"}
{"Timestamp":"2026-02-09T09:16:56.527718+00:00","TraceId":"0HNJ7MMLB1O9U:00000002","Action":"HEALTH_CHECK","Detail":"Health endpoint accessed"}
{"Timestamp":"2026-02-09T09:17:03.34328+00:00","TraceId":"0HNJ7MMLB1O9U:00000003","Action":"HEALTH_CHECK","Detail":"Health endpoint accessed"}
{"Timestamp":"2026-02-09T09:17:06.569385+00:00","TraceId":"0HNJ7MMLB1O9U:00000004","Action":"HEALTH_CHECK","Detail":"Health endpoint accessed"}
